<?xml version="1.0" encoding="UTF-8"?>
<!-- Generated by org.testng.reporters.JUnitReportReporter -->
<testsuite skipped="0" hostname="DESKTOP-UQ2CK4Q" name="selenium.LoginTest" tests="2" failures="0" timestamp="21 Aug 2018 01:07:33 GMT" time="36.474" errors="0">
  <testcase name="testLoginWithIncorrectEmail" time="16.888" classname="selenium.LoginTest"/>
  <testcase name="testLoginWtihWrongPassword" time="19.586" classname="selenium.LoginTest"/>
</testsuite> <!-- selenium.LoginTest -->
